<?xml version="1.0" encoding="UTF-8"?>
<!-- Generated by org.testng.reporters.JUnitReportReporter -->
<testsuite hostname="DESKTOP-46BCDHA" failures="0" tests="4" name="TrelloApi" time="5.620" errors="0" timestamp="2023-05-16T01:45:05 IST" skipped="0">
  <testcase classname="TrelloApi" name="CreateBoard" time="2.417"/>
  <system-out/>
  <testcase classname="TrelloApi" name="updateBoard" time="0.714"/>
  <system-out/>
  <testcase classname="TrelloApi" name="getBoard" time="0.574"/>
  <system-out/>
  <testcase classname="TrelloApi" name="DeleteBoard" time="1.915"/>
  <system-out/>
</testsuite> <!-- TrelloApi -->
